<?xml version="1.0" encoding="UTF-8"?>
<!-- Generated by org.testng.reporters.JUnitReportReporter -->
<testsuite skipped="0" hostname="DESKTOP-0NBTN0A" name="firstGroup.AppTest" tests="1" failures="0" timestamp="22 Sep 2020 09:58:51 GMT" time="0.013" errors="0">
  <testcase name="shouldAnswerWithTrue" time="0.013" classname="firstGroup.AppTest"/>
</testsuite> <!-- firstGroup.AppTest -->
